Start testing: Aug 25 10:45 CST
----------------------------------------------------------
1/5 Testing: copyright
1/5 Test: copyright
Command: "/usr/bin/python3" "-u" "/opt/ros/humble/share/ament_cmake_test/cmake/run_test.py" "/home/interbotix_ws/build/interbotix_xsarm_perception/test_results/interbotix_xsarm_perception/copyright.xunit.xml" "--package-name" "interbotix_xsarm_perception" "--output-file" "/home/interbotix_ws/build/interbotix_xsarm_perception/ament_copyright/copyright.txt" "--command" "/opt/ros/humble/bin/ament_copyright" "--xunit-file" "/home/interbotix_ws/build/interbotix_xsarm_perception/test_results/interbotix_xsarm_perception/copyright.xunit.xml"
Directory: /home/interbotix_ws/src/interbotix_ros_manipulators/interbotix_ros_xsarms/interbotix_xsarm_perception
"copyright" start time: Aug 25 10:45 CST
Output:
----------------------------------------------------------
-- run_test.py: invoking following command in '/home/interbotix_ws/src/interbotix_ros_manipulators/interbotix_ros_xsarms/interbotix_xsarm_perception':
 - /opt/ros/humble/bin/ament_copyright --xunit-file /home/interbotix_ws/build/interbotix_xsarm_perception/test_results/interbotix_xsarm_perception/copyright.xunit.xml
No problems found, checked 8 files
-- run_test.py: return code 0
-- run_test.py: verify result file '/home/interbotix_ws/build/interbotix_xsarm_perception/test_results/interbotix_xsarm_perception/copyright.xunit.xml'
<end of output>
Test time =   0.39 sec
----------------------------------------------------------
Test Passed.
"copyright" end time: Aug 25 10:45 CST
"copyright" time elapsed: 00:00:00
----------------------------------------------------------

2/5 Testing: flake8
2/5 Test: flake8
Command: "/usr/bin/python3" "-u" "/opt/ros/humble/share/ament_cmake_test/cmake/run_test.py" "/home/interbotix_ws/build/interbotix_xsarm_perception/test_results/interbotix_xsarm_perception/flake8.xunit.xml" "--package-name" "interbotix_xsarm_perception" "--output-file" "/home/interbotix_ws/build/interbotix_xsarm_perception/ament_flake8/flake8.txt" "--command" "/opt/ros/humble/bin/ament_flake8" "--xunit-file" "/home/interbotix_ws/build/interbotix_xsarm_perception/test_results/interbotix_xsarm_perception/flake8.xunit.xml"
Directory: /home/interbotix_ws/src/interbotix_ros_manipulators/interbotix_ros_xsarms/interbotix_xsarm_perception
"flake8" start time: Aug 25 10:45 CST
Output:
----------------------------------------------------------
-- run_test.py: invoking following command in '/home/interbotix_ws/src/interbotix_ros_manipulators/interbotix_ros_xsarms/interbotix_xsarm_perception':
 - /opt/ros/humble/bin/ament_flake8 --xunit-file /home/interbotix_ws/build/interbotix_xsarm_perception/test_results/interbotix_xsarm_perception/flake8.xunit.xml

8 files checked
No problems found

Checked files:

* ./demos/color_sorter.py
* ./demos/chessboard_cleanup.py
* ./demos/hand_eye_calibration.py
* ./demos/pick_place.py
* ./demos/size_organizer.py
* ./demos/block_organizer.py
* ./launch/hand_eye.launch.py
* ./launch/xsarm_perception.launch.py
-- run_test.py: return code 0
-- run_test.py: verify result file '/home/interbotix_ws/build/interbotix_xsarm_perception/test_results/interbotix_xsarm_perception/flake8.xunit.xml'
<end of output>
Test time =   0.34 sec
----------------------------------------------------------
Test Passed.
"flake8" end time: Aug 25 10:45 CST
"flake8" time elapsed: 00:00:00
----------------------------------------------------------

3/5 Testing: lint_cmake
3/5 Test: lint_cmake
Command: "/usr/bin/python3" "-u" "/opt/ros/humble/share/ament_cmake_test/cmake/run_test.py" "/home/interbotix_ws/build/interbotix_xsarm_perception/test_results/interbotix_xsarm_perception/lint_cmake.xunit.xml" "--package-name" "interbotix_xsarm_perception" "--output-file" "/home/interbotix_ws/build/interbotix_xsarm_perception/ament_lint_cmake/lint_cmake.txt" "--command" "/opt/ros/humble/bin/ament_lint_cmake" "--xunit-file" "/home/interbotix_ws/build/interbotix_xsarm_perception/test_results/interbotix_xsarm_perception/lint_cmake.xunit.xml"
Directory: /home/interbotix_ws/src/interbotix_ros_manipulators/interbotix_ros_xsarms/interbotix_xsarm_perception
"lint_cmake" start time: Aug 25 10:45 CST
Output:
----------------------------------------------------------
-- run_test.py: invoking following command in '/home/interbotix_ws/src/interbotix_ros_manipulators/interbotix_ros_xsarms/interbotix_xsarm_perception':
 - /opt/ros/humble/bin/ament_lint_cmake --xunit-file /home/interbotix_ws/build/interbotix_xsarm_perception/test_results/interbotix_xsarm_perception/lint_cmake.xunit.xml

No problems found
-- run_test.py: return code 0
-- run_test.py: verify result file '/home/interbotix_ws/build/interbotix_xsarm_perception/test_results/interbotix_xsarm_perception/lint_cmake.xunit.xml'
<end of output>
Test time =   0.14 sec
----------------------------------------------------------
Test Passed.
"lint_cmake" end time: Aug 25 10:45 CST
"lint_cmake" time elapsed: 00:00:00
----------------------------------------------------------

4/5 Testing: pep257
4/5 Test: pep257
Command: "/usr/bin/python3" "-u" "/opt/ros/humble/share/ament_cmake_test/cmake/run_test.py" "/home/interbotix_ws/build/interbotix_xsarm_perception/test_results/interbotix_xsarm_perception/pep257.xunit.xml" "--package-name" "interbotix_xsarm_perception" "--output-file" "/home/interbotix_ws/build/interbotix_xsarm_perception/ament_pep257/pep257.txt" "--command" "/opt/ros/humble/bin/ament_pep257" "--xunit-file" "/home/interbotix_ws/build/interbotix_xsarm_perception/test_results/interbotix_xsarm_perception/pep257.xunit.xml"
Directory: /home/interbotix_ws/src/interbotix_ros_manipulators/interbotix_ros_xsarms/interbotix_xsarm_perception
"pep257" start time: Aug 25 10:45 CST
Output:
----------------------------------------------------------
-- run_test.py: invoking following command in '/home/interbotix_ws/src/interbotix_ros_manipulators/interbotix_ros_xsarms/interbotix_xsarm_perception':
 - /opt/ros/humble/bin/ament_pep257 --xunit-file /home/interbotix_ws/build/interbotix_xsarm_perception/test_results/interbotix_xsarm_perception/pep257.xunit.xml
checking ./demos/block_organizer.py
checking ./demos/chessboard_cleanup.py
checking ./demos/color_sorter.py
checking ./demos/hand_eye_calibration.py
checking ./demos/pick_place.py
checking ./demos/size_organizer.py
checking ./launch/hand_eye.launch.py
checking ./launch/xsarm_perception.launch.py
No problems found
-- run_test.py: return code 0
-- run_test.py: verify result file '/home/interbotix_ws/build/interbotix_xsarm_perception/test_results/interbotix_xsarm_perception/pep257.xunit.xml'
<end of output>
Test time =   0.28 sec
----------------------------------------------------------
Test Passed.
"pep257" end time: Aug 25 10:45 CST
"pep257" time elapsed: 00:00:00
----------------------------------------------------------

5/5 Testing: xmllint
5/5 Test: xmllint
Command: "/usr/bin/python3" "-u" "/opt/ros/humble/share/ament_cmake_test/cmake/run_test.py" "/home/interbotix_ws/build/interbotix_xsarm_perception/test_results/interbotix_xsarm_perception/xmllint.xunit.xml" "--package-name" "interbotix_xsarm_perception" "--output-file" "/home/interbotix_ws/build/interbotix_xsarm_perception/ament_xmllint/xmllint.txt" "--command" "/opt/ros/humble/bin/ament_xmllint" "--xunit-file" "/home/interbotix_ws/build/interbotix_xsarm_perception/test_results/interbotix_xsarm_perception/xmllint.xunit.xml"
Directory: /home/interbotix_ws/src/interbotix_ros_manipulators/interbotix_ros_xsarms/interbotix_xsarm_perception
"xmllint" start time: Aug 25 10:45 CST
Output:
----------------------------------------------------------
-- run_test.py: invoking following command in '/home/interbotix_ws/src/interbotix_ros_manipulators/interbotix_ros_xsarms/interbotix_xsarm_perception':
 - /opt/ros/humble/bin/ament_xmllint --xunit-file /home/interbotix_ws/build/interbotix_xsarm_perception/test_results/interbotix_xsarm_perception/xmllint.xunit.xml
File 'package.xml' is valid

No problems found
-- run_test.py: return code 0
-- run_test.py: verify result file '/home/interbotix_ws/build/interbotix_xsarm_perception/test_results/interbotix_xsarm_perception/xmllint.xunit.xml'
<end of output>
Test time =   0.93 sec
----------------------------------------------------------
Test Passed.
"xmllint" end time: Aug 25 10:45 CST
"xmllint" time elapsed: 00:00:00
----------------------------------------------------------

End testing: Aug 25 10:45 CST

copyright =   0.39 sec*proc

flake8 =   0.34 sec*proc

lint_cmake =   0.14 sec*proc

linter =   2.07 sec*proc

pep257 =   0.28 sec*proc

xmllint =   0.93 sec*proc

