Start testing: Aug 24 18:01 CST
----------------------------------------------------------
1/5 Testing: copyright
1/5 Test: copyright
Command: "/usr/bin/python3" "-u" "/opt/ros/humble/share/ament_cmake_test/cmake/run_test.py" "/home/interbotix_ws/build/interbotix_xsarm_perception/test_results/interbotix_xsarm_perception/copyright.xunit.xml" "--package-name" "interbotix_xsarm_perception" "--output-file" "/home/interbotix_ws/build/interbotix_xsarm_perception/ament_copyright/copyright.txt" "--command" "/opt/ros/humble/bin/ament_copyright" "--xunit-file" "/home/interbotix_ws/build/interbotix_xsarm_perception/test_results/interbotix_xsarm_perception/copyright.xunit.xml"
Directory: /home/interbotix_ws/src/interbotix_ros_manipulators/interbotix_ros_xsarms/interbotix_xsarm_perception
"copyright" start time: Aug 24 18:01 CST
Output:
----------------------------------------------------------
-- run_test.py: invoking following command in '/home/interbotix_ws/src/interbotix_ros_manipulators/interbotix_ros_xsarms/interbotix_xsarm_perception':
 - /opt/ros/humble/bin/ament_copyright --xunit-file /home/interbotix_ws/build/interbotix_xsarm_perception/test_results/interbotix_xsarm_perception/copyright.xunit.xml
No problems found, checked 8 files
-- run_test.py: return code 0
-- run_test.py: verify result file '/home/interbotix_ws/build/interbotix_xsarm_perception/test_results/interbotix_xsarm_perception/copyright.xunit.xml'
<end of output>
Test time =   0.35 sec
----------------------------------------------------------
Test Passed.
"copyright" end time: Aug 24 18:01 CST
"copyright" time elapsed: 00:00:00
----------------------------------------------------------

2/5 Testing: flake8
2/5 Test: flake8
Command: "/usr/bin/python3" "-u" "/opt/ros/humble/share/ament_cmake_test/cmake/run_test.py" "/home/interbotix_ws/build/interbotix_xsarm_perception/test_results/interbotix_xsarm_perception/flake8.xunit.xml" "--package-name" "interbotix_xsarm_perception" "--output-file" "/home/interbotix_ws/build/interbotix_xsarm_perception/ament_flake8/flake8.txt" "--command" "/opt/ros/humble/bin/ament_flake8" "--xunit-file" "/home/interbotix_ws/build/interbotix_xsarm_perception/test_results/interbotix_xsarm_perception/flake8.xunit.xml"
Directory: /home/interbotix_ws/src/interbotix_ros_manipulators/interbotix_ros_xsarms/interbotix_xsarm_perception
"flake8" start time: Aug 24 18:01 CST
Output:
----------------------------------------------------------
-- run_test.py: invoking following command in '/home/interbotix_ws/src/interbotix_ros_manipulators/interbotix_ros_xsarms/interbotix_xsarm_perception':
 - /opt/ros/humble/bin/ament_flake8 --xunit-file /home/interbotix_ws/build/interbotix_xsarm_perception/test_results/interbotix_xsarm_perception/flake8.xunit.xml

8 files checked
No problems found

Checked files:

* ./demos/color_sorter.py
* ./demos/chessboard_cleanup.py
* ./demos/hand_eye_calibration.py
* ./demos/pick_place.py
* ./demos/size_organizer.py
* ./demos/block_organizer.py
* ./launch/hand_eye.launch.py
* ./launch/xsarm_perception.launch.py
-- run_test.py: return code 0
-- run_test.py: verify result file '/home/interbotix_ws/build/interbotix_xsarm_perception/test_results/interbotix_xsarm_perception/flake8.xunit.xml'
<end of output>
Test time =   0.31 sec
----------------------------------------------------------
Test Passed.
"flake8" end time: Aug 24 18:01 CST
"flake8" time elapsed: 00:00:00
----------------------------------------------------------

End testing: Aug 24 18:01 CST

copyright =   0.35 sec*proc

flake8 =   0.31 sec*proc

linter =   0.66 sec*proc

