<?xml version="1.0" encoding="UTF-8"?>
<Site BuildName="(empty)"
	BuildStamp="20260824-1001-Experimental"
	Name="joando-HP-Pavilion-Gaming-Laptop-16-a01xxx"
	Generator="ctest-3.22.1"
	CompilerName="/usr/bin/c++"
	CompilerVersion="11.4.0"
	OSName="Linux"
	Hostname="joando-HP-Pavilion-Gaming-Laptop-16-a01xxx"
	OSRelease="6.8.0-136-generic"
	OSVersion="#136~22.04.1-Ubuntu SMP PREEMPT_DYNAMIC Fri Jul  3 16:29:11 UTC "
	OSPlatform="x86_64"
	Is64Bits="1"
	VendorString="GenuineIntel"
	VendorID="Intel Corporation"
	FamilyID="6"
	ModelID="165"
	ProcessorCacheSize="16384"
	NumberOfLogicalCPU="16"
	NumberOfPhysicalCPU="8"
	TotalVirtualMemory="2047"
	TotalPhysicalMemory="15759"
	LogicalProcessorsPerPhysical="2"
	ProcessorClockFrequency="3499.71"
	>
	<Testing>
		<StartDateTime>Aug 24 18:01 CST</StartDateTime>
		<StartTestTime>1787565666</StartTestTime>
		<TestList>
			<Test>./copyright</Test>
			<Test>./flake8</Test>
		</TestList>
		<Test Status="passed">
			<Name>copyright</Name>
			<Path>.</Path>
			<FullName>./copyright</FullName>
			<FullCommandLine>/usr/bin/python3 "-u" "/opt/ros/humble/share/ament_cmake_test/cmake/run_test.py" "/home/interbotix_ws/build/interbotix_xsarm_perception/test_results/interbotix_xsarm_perception/copyright.xunit.xml" "--package-name" "interbotix_xsarm_perception" "--output-file" "/home/interbotix_ws/build/interbotix_xsarm_perception/ament_copyright/copyright.txt" "--command" "/opt/ros/humble/bin/ament_copyright" "--xunit-file" "/home/interbotix_ws/build/interbotix_xsarm_perception/test_results/interbotix_xsarm_perception/copyright.xunit.xml"</FullCommandLine>
			<Results>
				<NamedMeasurement type="numeric/double" name="Execution Time">
					<Value>0.350311</Value>
				</NamedMeasurement>
				<NamedMeasurement type="numeric/double" name="Processors">
					<Value>1</Value>
				</NamedMeasurement>
				<NamedMeasurement type="text/string" name="Completion Status">
					<Value>Completed</Value>
				</NamedMeasurement>
				<NamedMeasurement type="text/string" name="Command Line">
					<Value>/usr/bin/python3 "-u" "/opt/ros/humble/share/ament_cmake_test/cmake/run_test.py" "/home/interbotix_ws/build/interbotix_xsarm_perception/test_results/interbotix_xsarm_perception/copyright.xunit.xml" "--package-name" "interbotix_xsarm_perception" "--output-file" "/home/interbotix_ws/build/interbotix_xsarm_perception/ament_copyright/copyright.txt" "--command" "/opt/ros/humble/bin/ament_copyright" "--xunit-file" "/home/interbotix_ws/build/interbotix_xsarm_perception/test_results/interbotix_xsarm_perception/copyright.xunit.xml"</Value>
				</NamedMeasurement>
				<NamedMeasurement type="text/string" name="Environment">
					<Value>#CTEST_RESOURCE_GROUP_COUNT=</Value>
				</NamedMeasurement>
				<Measurement>
					<Value>-- run_test.py: invoking following command in '/home/interbotix_ws/src/interbotix_ros_manipulators/interbotix_ros_xsarms/interbotix_xsarm_perception':
 - /opt/ros/humble/bin/ament_copyright --xunit-file /home/interbotix_ws/build/interbotix_xsarm_perception/test_results/interbotix_xsarm_perception/copyright.xunit.xml
No problems found, checked 8 files
-- run_test.py: return code 0
-- run_test.py: verify result file '/home/interbotix_ws/build/interbotix_xsarm_perception/test_results/interbotix_xsarm_perception/copyright.xunit.xml'
</Value>
				</Measurement>
			</Results>
			<Labels>
				<Label>copyright</Label>
				<Label>linter</Label>
			</Labels>
		</Test>
		<Test Status="passed">
			<Name>flake8</Name>
			<Path>.</Path>
			<FullName>./flake8</FullName>
			<FullCommandLine>/usr/bin/python3 "-u" "/opt/ros/humble/share/ament_cmake_test/cmake/run_test.py" "/home/interbotix_ws/build/interbotix_xsarm_perception/test_results/interbotix_xsarm_perception/flake8.xunit.xml" "--package-name" "interbotix_xsarm_perception" "--output-file" "/home/interbotix_ws/build/interbotix_xsarm_perception/ament_flake8/flake8.txt" "--command" "/opt/ros/humble/bin/ament_flake8" "--xunit-file" "/home/interbotix_ws/build/interbotix_xsarm_perception/test_results/interbotix_xsarm_perception/flake8.xunit.xml"</FullCommandLine>
			<Results>
				<NamedMeasurement type="numeric/double" name="Execution Time">
					<Value>0.312527</Value>
				</NamedMeasurement>
				<NamedMeasurement type="numeric/double" name="Processors">
					<Value>1</Value>
				</NamedMeasurement>
				<NamedMeasurement type="text/string" name="Completion Status">
					<Value>Completed</Value>
				</NamedMeasurement>
				<NamedMeasurement type="text/string" name="Command Line">
					<Value>/usr/bin/python3 "-u" "/opt/ros/humble/share/ament_cmake_test/cmake/run_test.py" "/home/interbotix_ws/build/interbotix_xsarm_perception/test_results/interbotix_xsarm_perception/flake8.xunit.xml" "--package-name" "interbotix_xsarm_perception" "--output-file" "/home/interbotix_ws/build/interbotix_xsarm_perception/ament_flake8/flake8.txt" "--command" "/opt/ros/humble/bin/ament_flake8" "--xunit-file" "/home/interbotix_ws/build/interbotix_xsarm_perception/test_results/interbotix_xsarm_perception/flake8.xunit.xml"</Value>
				</NamedMeasurement>
				<NamedMeasurement type="text/string" name="Environment">
					<Value>#CTEST_RESOURCE_GROUP_COUNT=</Value>
				</NamedMeasurement>
				<Measurement>
					<Value>-- run_test.py: invoking following command in '/home/interbotix_ws/src/interbotix_ros_manipulators/interbotix_ros_xsarms/interbotix_xsarm_perception':
 - /opt/ros/humble/bin/ament_flake8 --xunit-file /home/interbotix_ws/build/interbotix_xsarm_perception/test_results/interbotix_xsarm_perception/flake8.xunit.xml

8 files checked
No problems found

Checked files:

* ./demos/color_sorter.py
* ./demos/chessboard_cleanup.py
* ./demos/hand_eye_calibration.py
* ./demos/pick_place.py
* ./demos/size_organizer.py
* ./demos/block_organizer.py
* ./launch/hand_eye.launch.py
* ./launch/xsarm_perception.launch.py
-- run_test.py: return code 0
-- run_test.py: verify result file '/home/interbotix_ws/build/interbotix_xsarm_perception/test_results/interbotix_xsarm_perception/flake8.xunit.xml'
</Value>
				</Measurement>
			</Results>
			<Labels>
				<Label>flake8</Label>
				<Label>linter</Label>
			</Labels>
		</Test>
		<EndDateTime>Aug 24 18:01 CST</EndDateTime>
		<EndTestTime>1787565666</EndTestTime>
		<ElapsedMinutes>0</ElapsedMinutes>
	</Testing>
</Site>
